c:\users\jakov filip prgin\source\repos\zavrsnirad_jfp\zavrsnirad_jfp\x64\release\zavrsnirad_jfp.pch
c:\users\jakov filip prgin\source\repos\zavrsnirad_jfp\zavrsnirad_jfp\x64\release\vc141.pdb
c:\users\jakov filip prgin\source\repos\zavrsnirad_jfp\zavrsnirad_jfp\x64\release\stdafx.obj
c:\users\jakov filip prgin\source\repos\zavrsnirad_jfp\zavrsnirad_jfp\x64\release\state.obj
c:\users\jakov filip prgin\source\repos\zavrsnirad_jfp\zavrsnirad_jfp\x64\release\settingsstate.obj
c:\users\jakov filip prgin\source\repos\zavrsnirad_jfp\zavrsnirad_jfp\x64\release\playergui.obj
c:\users\jakov filip prgin\source\repos\zavrsnirad_jfp\zavrsnirad_jfp\x64\release\player.obj
c:\users\jakov filip prgin\source\repos\zavrsnirad_jfp\zavrsnirad_jfp\x64\release\pausemenu.obj
c:\users\jakov filip prgin\source\repos\zavrsnirad_jfp\zavrsnirad_jfp\x64\release\movementcomponent.obj
c:\users\jakov filip prgin\source\repos\zavrsnirad_jfp\zavrsnirad_jfp\x64\release\mainmenustate.obj
c:\users\jakov filip prgin\source\repos\zavrsnirad_jfp\zavrsnirad_jfp\x64\release\main.obj
c:\users\jakov filip prgin\source\repos\zavrsnirad_jfp\zavrsnirad_jfp\x64\release\hitboxcomponent.obj
c:\users\jakov filip prgin\source\repos\zavrsnirad_jfp\zavrsnirad_jfp\x64\release\game.obj
c:\users\jakov filip prgin\source\repos\zavrsnirad_jfp\zavrsnirad_jfp\x64\release\entity.obj
c:\users\jakov filip prgin\source\repos\zavrsnirad_jfp\zavrsnirad_jfp\x64\release\gui.obj
c:\users\jakov filip prgin\source\repos\zavrsnirad_jfp\zavrsnirad_jfp\x64\release\graphicssettings.obj
c:\users\jakov filip prgin\source\repos\zavrsnirad_jfp\zavrsnirad_jfp\x64\release\gamestate.obj
c:\users\jakov filip prgin\source\repos\zavrsnirad_jfp\zavrsnirad_jfp\x64\release\gameover.obj
c:\users\jakov filip prgin\source\repos\zavrsnirad_jfp\zavrsnirad_jfp\x64\release\enemy.obj
c:\users\jakov filip prgin\source\repos\zavrsnirad_jfp\zavrsnirad_jfp\x64\release\bullet.obj
c:\users\jakov filip prgin\source\repos\zavrsnirad_jfp\zavrsnirad_jfp\x64\release\animationcomponent.obj
c:\users\jakov filip prgin\source\repos\zavrsnirad_jfp\x64\release\zavrsnirad_jfp.exe
c:\users\jakov filip prgin\source\repos\zavrsnirad_jfp\x64\release\zavrsnirad_jfp.pdb
c:\users\jakov filip prgin\source\repos\zavrsnirad_jfp\x64\release\zavrsnirad_jfp.ipdb
c:\users\jakov filip prgin\source\repos\zavrsnirad_jfp\x64\release\zavrsnirad_jfp.iobj
c:\users\jakov filip prgin\source\repos\zavrsnirad_jfp\zavrsnirad_jfp\x64\release\zavrsnirad_jfp.tlog\cl.command.1.tlog
c:\users\jakov filip prgin\source\repos\zavrsnirad_jfp\zavrsnirad_jfp\x64\release\zavrsnirad_jfp.tlog\cl.read.1.tlog
c:\users\jakov filip prgin\source\repos\zavrsnirad_jfp\zavrsnirad_jfp\x64\release\zavrsnirad_jfp.tlog\cl.write.1.tlog
c:\users\jakov filip prgin\source\repos\zavrsnirad_jfp\zavrsnirad_jfp\x64\release\zavrsnirad_jfp.tlog\link.command.1.tlog
c:\users\jakov filip prgin\source\repos\zavrsnirad_jfp\zavrsnirad_jfp\x64\release\zavrsnirad_jfp.tlog\link.read.1.tlog
c:\users\jakov filip prgin\source\repos\zavrsnirad_jfp\zavrsnirad_jfp\x64\release\zavrsnirad_jfp.tlog\link.write.1.tlog
c:\users\jakov filip prgin\source\repos\zavrsnirad_jfp\zavrsnirad_jfp\x64\release\zavrsnirad_jfp.tlog\zavrsnirad_jfp.write.1u.tlog
