c:\users\jakov filip prgin\source\repos\zavrsnirad_jfp\zavrsnirad_jfp\x64\debug\zavrsnirad_jfp.pch
c:\users\jakov filip prgin\source\repos\zavrsnirad_jfp\zavrsnirad_jfp\x64\debug\vc141.pdb
c:\users\jakov filip prgin\source\repos\zavrsnirad_jfp\zavrsnirad_jfp\x64\debug\vc141.idb
c:\users\jakov filip prgin\source\repos\zavrsnirad_jfp\zavrsnirad_jfp\x64\debug\stdafx.obj
c:\users\jakov filip prgin\source\repos\zavrsnirad_jfp\zavrsnirad_jfp\x64\debug\state.obj
c:\users\jakov filip prgin\source\repos\zavrsnirad_jfp\zavrsnirad_jfp\x64\debug\settingsstate.obj
c:\users\jakov filip prgin\source\repos\zavrsnirad_jfp\zavrsnirad_jfp\x64\debug\playergui.obj
c:\users\jakov filip prgin\source\repos\zavrsnirad_jfp\zavrsnirad_jfp\x64\debug\player.obj
c:\users\jakov filip prgin\source\repos\zavrsnirad_jfp\zavrsnirad_jfp\x64\debug\pausemenu.obj
c:\users\jakov filip prgin\source\repos\zavrsnirad_jfp\zavrsnirad_jfp\x64\debug\movementcomponent.obj
c:\users\jakov filip prgin\source\repos\zavrsnirad_jfp\zavrsnirad_jfp\x64\debug\mainmenustate.obj
c:\users\jakov filip prgin\source\repos\zavrsnirad_jfp\zavrsnirad_jfp\x64\debug\main.obj
c:\users\jakov filip prgin\source\repos\zavrsnirad_jfp\zavrsnirad_jfp\x64\debug\hitboxcomponent.obj
c:\users\jakov filip prgin\source\repos\zavrsnirad_jfp\zavrsnirad_jfp\x64\debug\healthpack.obj
c:\users\jakov filip prgin\source\repos\zavrsnirad_jfp\zavrsnirad_jfp\x64\debug\game.obj
c:\users\jakov filip prgin\source\repos\zavrsnirad_jfp\zavrsnirad_jfp\x64\debug\entity.obj
c:\users\jakov filip prgin\source\repos\zavrsnirad_jfp\zavrsnirad_jfp\x64\debug\gui.obj
c:\users\jakov filip prgin\source\repos\zavrsnirad_jfp\zavrsnirad_jfp\x64\debug\graphicssettings.obj
c:\users\jakov filip prgin\source\repos\zavrsnirad_jfp\zavrsnirad_jfp\x64\debug\gamestate.obj
c:\users\jakov filip prgin\source\repos\zavrsnirad_jfp\zavrsnirad_jfp\x64\debug\gameover.obj
c:\users\jakov filip prgin\source\repos\zavrsnirad_jfp\zavrsnirad_jfp\x64\debug\explode.obj
c:\users\jakov filip prgin\source\repos\zavrsnirad_jfp\zavrsnirad_jfp\x64\debug\enemy.obj
c:\users\jakov filip prgin\source\repos\zavrsnirad_jfp\zavrsnirad_jfp\x64\debug\bullet.obj
c:\users\jakov filip prgin\source\repos\zavrsnirad_jfp\zavrsnirad_jfp\x64\debug\animationcomponent.obj
c:\users\jakov filip prgin\source\repos\zavrsnirad_jfp\x64\debug\zavrsnirad_jfp.ilk
c:\users\jakov filip prgin\source\repos\zavrsnirad_jfp\x64\debug\zavrsnirad_jfp.exe
c:\users\jakov filip prgin\source\repos\zavrsnirad_jfp\x64\debug\zavrsnirad_jfp.pdb
c:\users\jakov filip prgin\source\repos\zavrsnirad_jfp\zavrsnirad_jfp\x64\debug\zavrsnirad_jfp.res
c:\users\jakov filip prgin\source\repos\zavrsnirad_jfp\zavrsnirad_jfp\x64\debug\zavrsnirad_jfp.tlog\cl.command.1.tlog
c:\users\jakov filip prgin\source\repos\zavrsnirad_jfp\zavrsnirad_jfp\x64\debug\zavrsnirad_jfp.tlog\cl.read.1.tlog
c:\users\jakov filip prgin\source\repos\zavrsnirad_jfp\zavrsnirad_jfp\x64\debug\zavrsnirad_jfp.tlog\cl.write.1.tlog
c:\users\jakov filip prgin\source\repos\zavrsnirad_jfp\zavrsnirad_jfp\x64\debug\zavrsnirad_jfp.tlog\link.command.1.tlog
c:\users\jakov filip prgin\source\repos\zavrsnirad_jfp\zavrsnirad_jfp\x64\debug\zavrsnirad_jfp.tlog\link.read.1.tlog
c:\users\jakov filip prgin\source\repos\zavrsnirad_jfp\zavrsnirad_jfp\x64\debug\zavrsnirad_jfp.tlog\link.write.1.tlog
c:\users\jakov filip prgin\source\repos\zavrsnirad_jfp\zavrsnirad_jfp\x64\debug\zavrsnirad_jfp.tlog\rc.command.1.tlog
c:\users\jakov filip prgin\source\repos\zavrsnirad_jfp\zavrsnirad_jfp\x64\debug\zavrsnirad_jfp.tlog\rc.read.1.tlog
c:\users\jakov filip prgin\source\repos\zavrsnirad_jfp\zavrsnirad_jfp\x64\debug\zavrsnirad_jfp.tlog\rc.write.1.tlog
